<?xml version="1.0" encoding="UTF-8"?>
<testsuite xmlns:xsi="http://www.w3.org/2001/XMLSchema-instance" xsi:noNamespaceSchemaLocation="https://maven.apache.org/surefire/maven-surefire-plugin/xsd/surefire-test-report.xsd" version="3.0.2" name="TestSuite" time="28.466" tests="2" errors="0" skipped="0" failures="0">
  <properties>
    <property name="java.specification.version" value="21"/>
    <property name="sun.jnu.encoding" value="UTF-8"/>
    <property name="java.class.path" value="/Users/vinnirana/eclipse-workspace/MyJavaProject/src/module2/ProjectMaven/target/test-classes:/Users/vinnirana/eclipse-workspace/MyJavaProject/src/module2/ProjectMaven/target/classes:/Users/vinnirana/.m2/repository/junit/junit/4.11/junit-4.11.jar:/Users/vinnirana/.m2/repository/org/hamcrest/hamcrest-core/1.3/hamcrest-core-1.3.jar:/Users/vinnirana/.m2/repository/org/seleniumhq/selenium/selenium-java/4.35.0/selenium-java-4.35.0.jar:/Users/vinnirana/.m2/repository/org/seleniumhq/selenium/selenium-api/4.35.0/selenium-api-4.35.0.jar:/Users/vinnirana/.m2/repository/org/jspecify/jspecify/1.0.0/jspecify-1.0.0.jar:/Users/vinnirana/.m2/repository/org/seleniumhq/selenium/selenium-chrome-driver/4.35.0/selenium-chrome-driver-4.35.0.jar:/Users/vinnirana/.m2/repository/com/google/auto/service/auto-service-annotations/1.1.1/auto-service-annotations-1.1.1.jar:/Users/vinnirana/.m2/repository/org/seleniumhq/selenium/selenium-chromium-driver/4.35.0/selenium-chromium-driver-4.35.0.jar:/Users/vinnirana/.m2/repository/org/seleniumhq/selenium/selenium-json/4.35.0/selenium-json-4.35.0.jar:/Users/vinnirana/.m2/repository/org/seleniumhq/selenium/selenium-manager/4.35.0/selenium-manager-4.35.0.jar:/Users/vinnirana/.m2/repository/org/seleniumhq/selenium/selenium-devtools-v137/4.35.0/selenium-devtools-v137-4.35.0.jar:/Users/vinnirana/.m2/repository/org/seleniumhq/selenium/selenium-devtools-v138/4.35.0/selenium-devtools-v138-4.35.0.jar:/Users/vinnirana/.m2/repository/org/seleniumhq/selenium/selenium-devtools-v139/4.35.0/selenium-devtools-v139-4.35.0.jar:/Users/vinnirana/.m2/repository/org/seleniumhq/selenium/selenium-edge-driver/4.35.0/selenium-edge-driver-4.35.0.jar:/Users/vinnirana/.m2/repository/org/seleniumhq/selenium/selenium-firefox-driver/4.35.0/selenium-firefox-driver-4.35.0.jar:/Users/vinnirana/.m2/repository/org/seleniumhq/selenium/selenium-http/4.35.0/selenium-http-4.35.0.jar:/Users/vinnirana/.m2/repository/org/seleniumhq/selenium/selenium-ie-driver/4.35.0/selenium-ie-driver-4.35.0.jar:/Users/vinnirana/.m2/repository/org/seleniumhq/selenium/selenium-remote-driver/4.35.0/selenium-remote-driver-4.35.0.jar:/Users/vinnirana/.m2/repository/com/google/guava/guava/33.4.8-jre/guava-33.4.8-jre.jar:/Users/vinnirana/.m2/repository/com/google/guava/failureaccess/1.0.3/failureaccess-1.0.3.jar:/Users/vinnirana/.m2/repository/com/google/guava/listenablefuture/9999.0-empty-to-avoid-conflict-with-guava/listenablefuture-9999.0-empty-to-avoid-conflict-with-guava.jar:/Users/vinnirana/.m2/repository/com/google/errorprone/error_prone_annotations/2.36.0/error_prone_annotations-2.36.0.jar:/Users/vinnirana/.m2/repository/com/google/j2objc/j2objc-annotations/3.0.0/j2objc-annotations-3.0.0.jar:/Users/vinnirana/.m2/repository/io/opentelemetry/opentelemetry-api/1.53.0/opentelemetry-api-1.53.0.jar:/Users/vinnirana/.m2/repository/io/opentelemetry/opentelemetry-context/1.53.0/opentelemetry-context-1.53.0.jar:/Users/vinnirana/.m2/repository/io/opentelemetry/opentelemetry-common/1.53.0/opentelemetry-common-1.53.0.jar:/Users/vinnirana/.m2/repository/io/opentelemetry/opentelemetry-exporter-logging/1.53.0/opentelemetry-exporter-logging-1.53.0.jar:/Users/vinnirana/.m2/repository/io/opentelemetry/opentelemetry-sdk-common/1.53.0/opentelemetry-sdk-common-1.53.0.jar:/Users/vinnirana/.m2/repository/io/opentelemetry/opentelemetry-sdk-extension-autoconfigure-spi/1.53.0/opentelemetry-sdk-extension-autoconfigure-spi-1.53.0.jar:/Users/vinnirana/.m2/repository/io/opentelemetry/opentelemetry-sdk-extension-autoconfigure/1.53.0/opentelemetry-sdk-extension-autoconfigure-1.53.0.jar:/Users/vinnirana/.m2/repository/io/opentelemetry/opentelemetry-sdk-trace/1.53.0/opentelemetry-sdk-trace-1.53.0.jar:/Users/vinnirana/.m2/repository/io/opentelemetry/opentelemetry-sdk/1.53.0/opentelemetry-sdk-1.53.0.jar:/Users/vinnirana/.m2/repository/io/opentelemetry/opentelemetry-sdk-metrics/1.53.0/opentelemetry-sdk-metrics-1.53.0.jar:/Users/vinnirana/.m2/repository/io/opentelemetry/opentelemetry-sdk-logs/1.53.0/opentelemetry-sdk-logs-1.53.0.jar:/Users/vinnirana/.m2/repository/net/bytebuddy/byte-buddy/1.17.6/byte-buddy-1.17.6.jar:/Users/vinnirana/.m2/repository/org/seleniumhq/selenium/selenium-os/4.35.0/selenium-os-4.35.0.jar:/Users/vinnirana/.m2/repository/org/apache/commons/commons-exec/1.5.0/commons-exec-1.5.0.jar:/Users/vinnirana/.m2/repository/org/seleniumhq/selenium/selenium-safari-driver/4.35.0/selenium-safari-driver-4.35.0.jar:/Users/vinnirana/.m2/repository/org/seleniumhq/selenium/selenium-support/4.35.0/selenium-support-4.35.0.jar:/Users/vinnirana/.m2/repository/org/testng/testng/7.10.2/testng-7.10.2.jar:/Users/vinnirana/.m2/repository/org/slf4j/slf4j-api/1.7.36/slf4j-api-1.7.36.jar:/Users/vinnirana/.m2/repository/com/beust/jcommander/1.82/jcommander-1.82.jar:/Users/vinnirana/.m2/repository/org/webjars/jquery/3.7.1/jquery-3.7.1.jar:/Users/vinnirana/.m2/repository/org/apache/poi/poi/5.2.3/poi-5.2.3.jar:/Users/vinnirana/.m2/repository/commons-codec/commons-codec/1.15/commons-codec-1.15.jar:/Users/vinnirana/.m2/repository/org/apache/commons/commons-collections4/4.4/commons-collections4-4.4.jar:/Users/vinnirana/.m2/repository/org/apache/commons/commons-math3/3.6.1/commons-math3-3.6.1.jar:/Users/vinnirana/.m2/repository/commons-io/commons-io/2.11.0/commons-io-2.11.0.jar:/Users/vinnirana/.m2/repository/com/zaxxer/SparseBitSet/1.2/SparseBitSet-1.2.jar:/Users/vinnirana/.m2/repository/org/apache/logging/log4j/log4j-api/2.18.0/log4j-api-2.18.0.jar:/Users/vinnirana/.m2/repository/org/apache/poi/poi-ooxml/5.2.3/poi-ooxml-5.2.3.jar:/Users/vinnirana/.m2/repository/org/apache/poi/poi-ooxml-lite/5.2.3/poi-ooxml-lite-5.2.3.jar:/Users/vinnirana/.m2/repository/org/apache/xmlbeans/xmlbeans/5.1.1/xmlbeans-5.1.1.jar:/Users/vinnirana/.m2/repository/org/apache/commons/commons-compress/1.21/commons-compress-1.21.jar:/Users/vinnirana/.m2/repository/com/github/virtuald/curvesapi/1.07/curvesapi-1.07.jar:"/>
    <property name="java.vm.vendor" value="Oracle Corporation"/>
    <property name="sun.arch.data.model" value="64"/>
    <property name="java.vendor.url" value="https://java.oracle.com/"/>
    <property name="user.timezone" value="Europe/London"/>
    <property name="os.name" value="Mac OS X"/>
    <property name="java.vm.specification.version" value="21"/>
    <property name="sun.java.launcher" value="SUN_STANDARD"/>
    <property name="user.country" value="US"/>
    <property name="sun.boot.library.path" value="/Library/Java/JavaVirtualMachines/jdk-21.0.7.jdk/Contents/Home/lib"/>
    <property name="sun.java.command" value="/Users/vinnirana/eclipse-workspace/MyJavaProject/src/module2/ProjectMaven/target/surefire/surefirebooter-20251022214920347_3.jar /Users/vinnirana/eclipse-workspace/MyJavaProject/src/module2/ProjectMaven/target/surefire 2025-10-22T21-49-20_316-jvmRun1 surefire-20251022214920347_1tmp surefire_0-20251022214920347_2tmp"/>
    <property name="http.nonProxyHosts" value="local|*.local|169.254/16|*.169.254/16"/>
    <property name="jdk.debug" value="release"/>
    <property name="surefire.test.class.path" value="/Users/vinnirana/eclipse-workspace/MyJavaProject/src/module2/ProjectMaven/target/test-classes:/Users/vinnirana/eclipse-workspace/MyJavaProject/src/module2/ProjectMaven/target/classes:/Users/vinnirana/.m2/repository/junit/junit/4.11/junit-4.11.jar:/Users/vinnirana/.m2/repository/org/hamcrest/hamcrest-core/1.3/hamcrest-core-1.3.jar:/Users/vinnirana/.m2/repository/org/seleniumhq/selenium/selenium-java/4.35.0/selenium-java-4.35.0.jar:/Users/vinnirana/.m2/repository/org/seleniumhq/selenium/selenium-api/4.35.0/selenium-api-4.35.0.jar:/Users/vinnirana/.m2/repository/org/jspecify/jspecify/1.0.0/jspecify-1.0.0.jar:/Users/vinnirana/.m2/repository/org/seleniumhq/selenium/selenium-chrome-driver/4.35.0/selenium-chrome-driver-4.35.0.jar:/Users/vinnirana/.m2/repository/com/google/auto/service/auto-service-annotations/1.1.1/auto-service-annotations-1.1.1.jar:/Users/vinnirana/.m2/repository/org/seleniumhq/selenium/selenium-chromium-driver/4.35.0/selenium-chromium-driver-4.35.0.jar:/Users/vinnirana/.m2/repository/org/seleniumhq/selenium/selenium-json/4.35.0/selenium-json-4.35.0.jar:/Users/vinnirana/.m2/repository/org/seleniumhq/selenium/selenium-manager/4.35.0/selenium-manager-4.35.0.jar:/Users/vinnirana/.m2/repository/org/seleniumhq/selenium/selenium-devtools-v137/4.35.0/selenium-devtools-v137-4.35.0.jar:/Users/vinnirana/.m2/repository/org/seleniumhq/selenium/selenium-devtools-v138/4.35.0/selenium-devtools-v138-4.35.0.jar:/Users/vinnirana/.m2/repository/org/seleniumhq/selenium/selenium-devtools-v139/4.35.0/selenium-devtools-v139-4.35.0.jar:/Users/vinnirana/.m2/repository/org/seleniumhq/selenium/selenium-edge-driver/4.35.0/selenium-edge-driver-4.35.0.jar:/Users/vinnirana/.m2/repository/org/seleniumhq/selenium/selenium-firefox-driver/4.35.0/selenium-firefox-driver-4.35.0.jar:/Users/vinnirana/.m2/repository/org/seleniumhq/selenium/selenium-http/4.35.0/selenium-http-4.35.0.jar:/Users/vinnirana/.m2/repository/org/seleniumhq/selenium/selenium-ie-driver/4.35.0/selenium-ie-driver-4.35.0.jar:/Users/vinnirana/.m2/repository/org/seleniumhq/selenium/selenium-remote-driver/4.35.0/selenium-remote-driver-4.35.0.jar:/Users/vinnirana/.m2/repository/com/google/guava/guava/33.4.8-jre/guava-33.4.8-jre.jar:/Users/vinnirana/.m2/repository/com/google/guava/failureaccess/1.0.3/failureaccess-1.0.3.jar:/Users/vinnirana/.m2/repository/com/google/guava/listenablefuture/9999.0-empty-to-avoid-conflict-with-guava/listenablefuture-9999.0-empty-to-avoid-conflict-with-guava.jar:/Users/vinnirana/.m2/repository/com/google/errorprone/error_prone_annotations/2.36.0/error_prone_annotations-2.36.0.jar:/Users/vinnirana/.m2/repository/com/google/j2objc/j2objc-annotations/3.0.0/j2objc-annotations-3.0.0.jar:/Users/vinnirana/.m2/repository/io/opentelemetry/opentelemetry-api/1.53.0/opentelemetry-api-1.53.0.jar:/Users/vinnirana/.m2/repository/io/opentelemetry/opentelemetry-context/1.53.0/opentelemetry-context-1.53.0.jar:/Users/vinnirana/.m2/repository/io/opentelemetry/opentelemetry-common/1.53.0/opentelemetry-common-1.53.0.jar:/Users/vinnirana/.m2/repository/io/opentelemetry/opentelemetry-exporter-logging/1.53.0/opentelemetry-exporter-logging-1.53.0.jar:/Users/vinnirana/.m2/repository/io/opentelemetry/opentelemetry-sdk-common/1.53.0/opentelemetry-sdk-common-1.53.0.jar:/Users/vinnirana/.m2/repository/io/opentelemetry/opentelemetry-sdk-extension-autoconfigure-spi/1.53.0/opentelemetry-sdk-extension-autoconfigure-spi-1.53.0.jar:/Users/vinnirana/.m2/repository/io/opentelemetry/opentelemetry-sdk-extension-autoconfigure/1.53.0/opentelemetry-sdk-extension-autoconfigure-1.53.0.jar:/Users/vinnirana/.m2/repository/io/opentelemetry/opentelemetry-sdk-trace/1.53.0/opentelemetry-sdk-trace-1.53.0.jar:/Users/vinnirana/.m2/repository/io/opentelemetry/opentelemetry-sdk/1.53.0/opentelemetry-sdk-1.53.0.jar:/Users/vinnirana/.m2/repository/io/opentelemetry/opentelemetry-sdk-metrics/1.53.0/opentelemetry-sdk-metrics-1.53.0.jar:/Users/vinnirana/.m2/repository/io/opentelemetry/opentelemetry-sdk-logs/1.53.0/opentelemetry-sdk-logs-1.53.0.jar:/Users/vinnirana/.m2/repository/net/bytebuddy/byte-buddy/1.17.6/byte-buddy-1.17.6.jar:/Users/vinnirana/.m2/repository/org/seleniumhq/selenium/selenium-os/4.35.0/selenium-os-4.35.0.jar:/Users/vinnirana/.m2/repository/org/apache/commons/commons-exec/1.5.0/commons-exec-1.5.0.jar:/Users/vinnirana/.m2/repository/org/seleniumhq/selenium/selenium-safari-driver/4.35.0/selenium-safari-driver-4.35.0.jar:/Users/vinnirana/.m2/repository/org/seleniumhq/selenium/selenium-support/4.35.0/selenium-support-4.35.0.jar:/Users/vinnirana/.m2/repository/org/testng/testng/7.10.2/testng-7.10.2.jar:/Users/vinnirana/.m2/repository/org/slf4j/slf4j-api/1.7.36/slf4j-api-1.7.36.jar:/Users/vinnirana/.m2/repository/com/beust/jcommander/1.82/jcommander-1.82.jar:/Users/vinnirana/.m2/repository/org/webjars/jquery/3.7.1/jquery-3.7.1.jar:/Users/vinnirana/.m2/repository/org/apache/poi/poi/5.2.3/poi-5.2.3.jar:/Users/vinnirana/.m2/repository/commons-codec/commons-codec/1.15/commons-codec-1.15.jar:/Users/vinnirana/.m2/repository/org/apache/commons/commons-collections4/4.4/commons-collections4-4.4.jar:/Users/vinnirana/.m2/repository/org/apache/commons/commons-math3/3.6.1/commons-math3-3.6.1.jar:/Users/vinnirana/.m2/repository/commons-io/commons-io/2.11.0/commons-io-2.11.0.jar:/Users/vinnirana/.m2/repository/com/zaxxer/SparseBitSet/1.2/SparseBitSet-1.2.jar:/Users/vinnirana/.m2/repository/org/apache/logging/log4j/log4j-api/2.18.0/log4j-api-2.18.0.jar:/Users/vinnirana/.m2/repository/org/apache/poi/poi-ooxml/5.2.3/poi-ooxml-5.2.3.jar:/Users/vinnirana/.m2/repository/org/apache/poi/poi-ooxml-lite/5.2.3/poi-ooxml-lite-5.2.3.jar:/Users/vinnirana/.m2/repository/org/apache/xmlbeans/xmlbeans/5.1.1/xmlbeans-5.1.1.jar:/Users/vinnirana/.m2/repository/org/apache/commons/commons-compress/1.21/commons-compress-1.21.jar:/Users/vinnirana/.m2/repository/com/github/virtuald/curvesapi/1.07/curvesapi-1.07.jar:"/>
    <property name="sun.cpu.endian" value="little"/>
    <property name="user.home" value="/Users/vinnirana"/>
    <property name="user.language" value="en"/>
    <property name="java.specification.vendor" value="Oracle Corporation"/>
    <property name="java.version.date" value="2025-04-15"/>
    <property name="java.home" value="/Library/Java/JavaVirtualMachines/jdk-21.0.7.jdk/Contents/Home"/>
    <property name="file.separator" value="/"/>
    <property name="basedir" value="/Users/vinnirana/eclipse-workspace/MyJavaProject/src/module2/ProjectMaven"/>
    <property name="style.color" value="always"/>
    <property name="java.vm.compressedOopsMode" value="Zero based"/>
    <property name="line.separator" value="&#10;"/>
    <property name="java.vm.specification.vendor" value="Oracle Corporation"/>
    <property name="java.specification.name" value="Java Platform API Specification"/>
    <property name="apple.awt.application.name" value="ForkedBooter"/>
    <property name="surefire.real.class.path" value="/Users/vinnirana/eclipse-workspace/MyJavaProject/src/module2/ProjectMaven/target/surefire/surefirebooter-20251022214920347_3.jar"/>
    <property name="sun.management.compiler" value="HotSpot 64-Bit Tiered Compilers"/>
    <property name="ftp.nonProxyHosts" value="local|*.local|169.254/16|*.169.254/16"/>
    <property name="java.runtime.version" value="21.0.7+8-LTS-245"/>
    <property name="user.name" value="vinnirana"/>
    <property name="stdout.encoding" value="UTF-8"/>
    <property name="path.separator" value=":"/>
    <property name="os.version" value="15.6.1"/>
    <property name="java.runtime.name" value="Java(TM) SE Runtime Environment"/>
    <property name="file.encoding" value="UTF-8"/>
    <property name="java.vm.name" value="Java HotSpot(TM) 64-Bit Server VM"/>
    <property name="localRepository" value="/Users/vinnirana/.m2/repository"/>
    <property name="java.vendor.url.bug" value="https://bugreport.java.com/bugreport/"/>
    <property name="java.io.tmpdir" value="/var/folders/8b/q0_qf8717zsdh6cg3qmrybcm0000gn/T/"/>
    <property name="java.version" value="21.0.7"/>
    <property name="user.dir" value="/Users/vinnirana/eclipse-workspace/MyJavaProject/src/module2/ProjectMaven"/>
    <property name="os.arch" value="aarch64"/>
    <property name="java.vm.specification.name" value="Java Virtual Machine Specification"/>
    <property name="native.encoding" value="UTF-8"/>
    <property name="java.library.path" value="/Users/vinnirana/Library/Java/Extensions:/Library/Java/Extensions:/Network/Library/Java/Extensions:/System/Library/Java/Extensions:/usr/lib/java:."/>
    <property name="java.vm.info" value="mixed mode, sharing"/>
    <property name="stderr.encoding" value="UTF-8"/>
    <property name="java.vendor" value="Oracle Corporation"/>
    <property name="java.vm.version" value="21.0.7+8-LTS-245"/>
    <property name="sun.io.unicode.encoding" value="UnicodeBig"/>
    <property name="socksNonProxyHosts" value="local|*.local|169.254/16|*.169.254/16"/>
    <property name="java.class.version" value="65.0"/>
  </properties>
  <testcase name="withvalidCredentails" classname="projectMaven.ProjectMaven.Amazon_Login_Page" time="7.784">
    <system-err><![CDATA[SLF4J: Failed to load class "org.slf4j.impl.StaticLoggerBinder".
SLF4J: Defaulting to no-operation (NOP) logger implementation
SLF4J: See http://www.slf4j.org/codes.html#StaticLoggerBinder for further details.
Oct 22, 2025 9:49:21 PM org.openqa.selenium.devtools.CdpVersionFinder findNearestMatch
WARNING: Unable to find an exact match for CDP version 141, returning the closest version; found: 139; Please update to a Selenium version that supports CDP version 141
]]></system-err>
  </testcase>
  <testcase name="withvalidCredentails" classname="projectMaven.ProjectMaven.Amazon_Login_Page" time="7.734"/>
</testsuite>