<?xml version="1.0" encoding="UTF-8"?>
<!-- Generated by org.testng.reporters.JUnitReportReporter -->
<testsuite hostname="Mac.cust.communityfibre.co.uk" failures="0" tests="1" name="projectMaven.ProjectMaven.TestCase1_LoginToFacebook" time="6.164" errors="0" timestamp="2025-10-13T14:19:18 BST" skipped="0">
  <testcase classname="projectMaven.ProjectMaven.TestCase1_LoginToFacebook" name="withValidCred" time="6.164"/>
</testsuite> <!-- projectMaven.ProjectMaven.TestCase1_LoginToFacebook -->
