<?xml version="1.0" encoding="UTF-8"?>
<!-- Generated by org.testng.reporters.JUnitReportReporter -->
<testsuite hostname="Mac.cust.communityfibre.co.uk" failures="0" tests="1" name="projectMaven.ProjectMaven.Amazon_Login_Search_Logout" time="20.373" errors="0" timestamp="2025-10-16T19:16:29 BST" skipped="0">
  <testcase classname="projectMaven.ProjectMaven.Amazon_Login_Search_Logout" name="withvalidCredentails" time="20.373"/>
</testsuite> <!-- projectMaven.ProjectMaven.Amazon_Login_Search_Logout -->
