<?xml version="1.0" encoding="UTF-8"?>
<!-- Generated by org.testng.reporters.JUnitReportReporter -->
<testsuite hostname="Mac.cust.communityfibre.co.uk" failures="0" tests="1" name="projectMaven.ProjectMaven.TestCase1_LoginToFacebook" time="8.843" errors="0" timestamp="2025-10-22T21:44:00 BST" skipped="0">
  <testcase classname="projectMaven.ProjectMaven.TestCase1_LoginToFacebook" name="withValidCred" time="8.843"/>
</testsuite> <!-- projectMaven.ProjectMaven.TestCase1_LoginToFacebook -->
