<?xml version="1.0" encoding="UTF-8"?>
<!-- Generated by org.testng.reporters.JUnitReportReporter -->
<testsuite hostname="Mac.cust.communityfibre.co.uk" failures="0" tests="2" name="projectMaven.ProjectMaven.Amazon_Login_Page" time="27.602" errors="0" timestamp="2025-10-22T21:49:48 BST" skipped="0">
  <testcase classname="projectMaven.ProjectMaven.Amazon_Login_Page" name="withvalidCredentails" time="13.717">
    <system-out>
      <![CDATA[Login successfully
Listener Logic is started
Screenshot taken successfully]]>
    </system-out>
  </testcase> <!-- withvalidCredentails -->
  <testcase classname="projectMaven.ProjectMaven.Amazon_Login_Page" name="withvalidCredentails" time="13.885">
    <system-out>
      <![CDATA[Login successfully
Listener Logic is started
Screenshot taken successfully]]>
    </system-out>
  </testcase> <!-- withvalidCredentails -->
  <system-out>
    <![CDATA[Selected chrome Browser
Amazon Website is loaded
Login successfully
Listener Logic is started
Screenshot taken successfully
Selected firefox Browser
Amazon Website is loaded
Login successfully
Listener Logic is started
Screenshot taken successfully]]>
  </system-out>
</testsuite> <!-- projectMaven.ProjectMaven.Amazon_Login_Page -->
